<?xml version="1.0" encoding="UTF-8"?>
<!-- Generated by org.testng.reporters.JUnitReportReporter -->
<testsuite skipped="0" hostname="MiniBuntu" name="before.TestRunner" tests="3" failures="0" timestamp="09 Dec 2018 10:47:22 GMT" time="27.500" errors="0">
  <testcase name="runScenario" time="14.294" classname="before.TestRunner"/>
  <testcase name="runScenario" time="7.940" classname="before.TestRunner"/>
  <testcase name="runScenario" time="5.266" classname="before.TestRunner"/>
</testsuite> <!-- before.TestRunner -->
